Using pre-set license
Built from '2021.3/staging' branch; Version is '2021.3.22f1 (b6c551784ba3) revision 11978065'; Using compiler version '192829333'; Build Type 'Release'
OS: 'Windows 11  (10.0.22631) 64bit Professional' Language: 'uk' Physical Memory: 18379 MB
BatchMode: 1, IsHumanControllingUs: 0, StartBugReporterOnCrash: 0, Is64bit: 1, IsPro: 1

COMMAND LINE ARGUMENTS:
E:\Unity\2021.3.22f1\Editor\Unity.exe
-adb2
-batchMode
-noUpm
-name
AssetImportWorker0
-projectPath
E:/Programming/Unity Project/InquisitorAndHeretics/InquisitorAndHeretics
-logFile
Logs/AssetImportWorker0.log
-srvPort
64340
Successfully changed project path to: E:/Programming/Unity Project/InquisitorAndHeretics/InquisitorAndHeretics
E:/Programming/Unity Project/InquisitorAndHeretics/InquisitorAndHeretics
[UnityMemory] Configuration Parameters - Can be set up in boot.config
    "memorysetup-bucket-allocator-granularity=16"
    "memorysetup-bucket-allocator-bucket-count=8"
    "memorysetup-bucket-allocator-block-size=33554432"
    "memorysetup-bucket-allocator-block-count=8"
    "memorysetup-main-allocator-block-size=16777216"
    "memorysetup-thread-allocator-block-size=16777216"
    "memorysetup-gfx-main-allocator-block-size=16777216"
    "memorysetup-gfx-thread-allocator-block-size=16777216"
    "memorysetup-cache-allocator-block-size=4194304"
    "memorysetup-typetree-allocator-block-size=2097152"
    "memorysetup-profiler-bucket-allocator-granularity=16"
    "memorysetup-profiler-bucket-allocator-bucket-count=8"
    "memorysetup-profiler-bucket-allocator-block-size=33554432"
    "memorysetup-profiler-bucket-allocator-block-count=8"
    "memorysetup-profiler-allocator-block-size=16777216"
    "memorysetup-profiler-editor-allocator-block-size=1048576"
    "memorysetup-temp-allocator-size-main=16777216"
    "memorysetup-job-temp-allocator-block-size=2097152"
    "memorysetup-job-temp-allocator-block-size-background=1048576"
    "memorysetup-job-temp-allocator-reduction-small-platforms=262144"
    "memorysetup-temp-allocator-size-background-worker=32768"
    "memorysetup-temp-allocator-size-job-worker=262144"
    "memorysetup-temp-allocator-size-preload-manager=33554432"
    "memorysetup-temp-allocator-size-nav-mesh-worker=65536"
    "memorysetup-temp-allocator-size-audio-worker=65536"
    "memorysetup-temp-allocator-size-cloud-worker=32768"
    "memorysetup-temp-allocator-size-gi-baking-worker=262144"
    "memorysetup-temp-allocator-size-gfx=262144"
Player connection [4384] Host "[IP] 192.168.1.17 [Port] 0 [Flags] 2 [Guid] 1988056302 [EditorId] 1988056302 [Version] 1048832 [Id] WindowsEditor(7,DESKTOP-4VR8MJF) [Debug] 1 [PackageName] WindowsEditor [ProjectName] Editor" joined multi-casting on [225.0.0.222:54997]...

Player connection [4384] Host "[IP] 192.168.1.17 [Port] 0 [Flags] 2 [Guid] 1988056302 [EditorId] 1988056302 [Version] 1048832 [Id] WindowsEditor(7,DESKTOP-4VR8MJF) [Debug] 1 [PackageName] WindowsEditor [ProjectName] Editor" joined alternative multi-casting on [225.0.0.222:34997]...

Refreshing native plugins compatible for Editor in 107.95 ms, found 3 plugins.
Preloading 0 native plugins for Editor in 0.00 ms.
Initialize engine version: 2021.3.22f1 (b6c551784ba3)
[Subsystems] Discovering subsystems at path E:/Unity/2021.3.22f1/Editor/Data/Resources/UnitySubsystems
[Subsystems] Discovering subsystems at path E:/Programming/Unity Project/InquisitorAndHeretics/InquisitorAndHeretics/Assets
GfxDevice: creating device client; threaded=0; jobified=0
Direct3D:
    Version:  Direct3D 11.0 [level 11.1]
    Renderer: AMD Radeon(TM) Vega 8 Graphics (ID=0x15d8)
    Vendor:   ATI
    VRAM:     9189 MB
    Driver:   27.20.11044.5003
Initialize mono
Mono path[0] = 'E:/Unity/2021.3.22f1/Editor/Data/Managed'
Mono path[1] = 'E:/Unity/2021.3.22f1/Editor/Data/MonoBleedingEdge/lib/mono/unityjit-win32'
Mono config path = 'E:/Unity/2021.3.22f1/Editor/Data/MonoBleedingEdge/etc'
Using monoOptions --debugger-agent=transport=dt_socket,embedding=1,server=y,suspend=n,address=127.0.0.1:56772
Begin MonoManager ReloadAssembly
Registering precompiled unity dll's ...
Register platform support module: E:/Unity/2021.3.22f1/Editor/Data/PlaybackEngines/WebGLSupport/UnityEditor.WebGL.Extensions.dll
Register platform support module: E:/Unity/2021.3.22f1/Editor/Data/PlaybackEngines/AndroidPlayer/UnityEditor.Android.Extensions.dll
Register platform support module: E:/Unity/2021.3.22f1/Editor/Data/PlaybackEngines/WindowsStandaloneSupport/UnityEditor.WindowsStandalone.Extensions.dll
Register platform support module: E:/Unity/2021.3.22f1/Editor/Data/PlaybackEngines/MetroSupport/UnityEditor.UWP.Extensions.dll
Registered in 0.007329 seconds.
Native extension for UWP target not found
Native extension for WindowsStandalone target not found
Native extension for Android target not found
Android Extension - Scanning For ADB Devices 518 ms
Native extension for WebGL target not found
Refreshing native plugins compatible for Editor in 90.05 ms, found 3 plugins.
Preloading 0 native plugins for Editor in 0.00 ms.
Mono: successfully reloaded assembly
- Completed reload, in  1.524 seconds
Domain Reload Profiling:
	ReloadAssembly (1525ms)
		BeginReloadAssembly (154ms)
			ExecutionOrderSort (0ms)
			DisableScriptedObjects (0ms)
			BackupInstance (0ms)
			ReleaseScriptingObjects (0ms)
			CreateAndSetChildDomain (1ms)
		EndReloadAssembly (1217ms)
			LoadAssemblies (155ms)
			RebuildTransferFunctionScriptingTraits (0ms)
			SetupTypeCache (162ms)
			ReleaseScriptCaches (0ms)
			RebuildScriptCaches (38ms)
			SetupLoadedEditorAssemblies (944ms)
				LogAssemblyErrors (0ms)
				InitializePlatformSupportModulesInManaged (635ms)
				SetLoadedEditorAssemblies (1ms)
				RefreshPlugins (90ms)
				BeforeProcessingInitializeOnLoad (2ms)
				ProcessInitializeOnLoadAttributes (152ms)
				ProcessInitializeOnLoadMethodAttributes (64ms)
				AfterProcessingInitializeOnLoad (0ms)
				EditorAssembliesLoaded (0ms)
			ExecutionOrderSort2 (0ms)
			AwakeInstancesAfterBackupRestoration (0ms)
Platform modules already initialized, skipping
Registering precompiled user dll's ...
Registered in 0.009744 seconds.
Begin MonoManager ReloadAssembly
Symbol file LoadedFromMemory doesn't match image E:\Programming\Unity Project\InquisitorAndHeretics\InquisitorAndHeretics\Library\PackageCache\com.unity.visualscripting@1.8.0\Editor\VisualScripting.Core\Dependencies\YamlDotNet\Unity.VisualScripting.YamlDotNet.dll
Symbol file LoadedFromMemory doesn't match image E:\Programming\Unity Project\InquisitorAndHeretics\InquisitorAndHeretics\Library\PackageCache\com.unity.visualscripting@1.8.0\Editor\VisualScripting.Core\Dependencies\DotNetZip\Unity.VisualScripting.IonicZip.dll
Native extension for UWP target not found
Native extension for WindowsStandalone target not found
Native extension for Android target not found
Native extension for WebGL target not found
Refreshing native plugins compatible for Editor in 0.93 ms, found 3 plugins.
Preloading 0 native plugins for Editor in 0.00 ms.
Mono: successfully reloaded assembly
- Completed reload, in  1.555 seconds
Domain Reload Profiling:
	ReloadAssembly (1557ms)
		BeginReloadAssembly (179ms)
			ExecutionOrderSort (0ms)
			DisableScriptedObjects (8ms)
			BackupInstance (0ms)
			ReleaseScriptingObjects (0ms)
			CreateAndSetChildDomain (35ms)
		EndReloadAssembly (1240ms)
			LoadAssemblies (172ms)
			RebuildTransferFunctionScriptingTraits (0ms)
			SetupTypeCache (459ms)
			ReleaseScriptCaches (1ms)
			RebuildScriptCaches (73ms)
			SetupLoadedEditorAssemblies (464ms)
				LogAssemblyErrors (0ms)
				InitializePlatformSupportModulesInManaged (27ms)
				SetLoadedEditorAssemblies (1ms)
				RefreshPlugins (1ms)
				BeforeProcessingInitializeOnLoad (98ms)
				ProcessInitializeOnLoadAttributes (305ms)
				ProcessInitializeOnLoadMethodAttributes (27ms)
				AfterProcessingInitializeOnLoad (5ms)
				EditorAssembliesLoaded (0ms)
			ExecutionOrderSort2 (0ms)
			AwakeInstancesAfterBackupRestoration (10ms)
Platform modules already initialized, skipping
========================================================================
Worker process is ready to serve import requests
Launched and connected shader compiler UnityShaderCompiler.exe after 0.09 seconds
Refreshing native plugins compatible for Editor in 0.93 ms, found 3 plugins.
Preloading 0 native plugins for Editor in 0.00 ms.
Unloading 3047 Unused Serialized files (Serialized files now loaded: 0)
Unloading 22 unused Assets / (56.2 KB). Loaded Objects now: 3511.
Memory consumption went from 107.4 MB to 107.3 MB.
Total: 6.572100 ms (FindLiveObjects: 0.459600 ms CreateObjectMapping: 0.187000 ms MarkObjects: 5.776500 ms  DeleteObjects: 0.146400 ms)

AssetImportParameters requested are different than current active one (requested -> active):
  custom:video-decoder-ogg-theora: a1e56fd34408186e4bbccfd4996cb3dc -> 
  custom:container-muxer-webm: aa71ff27fc2769a1b78a27578f13a17b -> 
  custom:container-demuxer-webm: 4f35f7cbe854078d1ac9338744f61a02 -> 
  custom:video-encoder-webm-vp8: eb34c28f22e8b96e1ab97ce403110664 -> 
  custom:video-codec-MediaFoundation-h265: 746d11721c4dcdbdad8f713fa42b33f4 -> 
  custom:audio-encoder-webm-vorbis: bf7c407c2cedff20999df2af8eb42d56 -> 
  custom:framework-win-MediaFoundation: 216162199b28c13a410421893ffa2e32 -> 
  custom:container-demuxer-ogg: 62fdf1f143b41e24485cea50d1cbac27 -> 
  custom:video-decoder-webm-vp8: 9c59270c3fd7afecdb556c50c9e8de78 -> 
  custom:audio-decoder-ogg-vorbis: bf7c407c2cedff20999df2af8eb42d56 -> 
========================================================================
Received Import Request.
  Time since last request: 85770.785835 seconds.
  path: Assets
  artifactKey: Guid(00000000000000001000000000000000) Importer(815301076,1909f56bfc062723c751e8b465ee728b)
Start importing Assets using Guid(00000000000000001000000000000000) Importer(815301076,1909f56bfc062723c751e8b465ee728b)  -> (artifact id: '79842766b460edbeab6a34051e857a80') in 0.021783 seconds 
========================================================================
Received Import Request.
  Time since last request: 4.940855 seconds.
  path: Assets/Prefabs
  artifactKey: Guid(f9a3d9e48c963844fb3ab9bf2df0f2ce) Importer(815301076,1909f56bfc062723c751e8b465ee728b)
Start importing Assets/Prefabs using Guid(f9a3d9e48c963844fb3ab9bf2df0f2ce) Importer(815301076,1909f56bfc062723c751e8b465ee728b)  -> (artifact id: 'df5f12ad605bd7bf9c6b0d213f1e9ac8') in 0.013967 seconds 
========================================================================
Received Import Request.
  Time since last request: 15.246581 seconds.
  path: Assets/Materials
  artifactKey: Guid(f1ddfadabeae9464eb0f31722511890e) Importer(815301076,1909f56bfc062723c751e8b465ee728b)
Start importing Assets/Materials using Guid(f1ddfadabeae9464eb0f31722511890e) Importer(815301076,1909f56bfc062723c751e8b465ee728b)  -> (artifact id: '3e16de8e19cbc249d729865b3ade806a') in 0.015965 seconds 
========================================================================
Received Import Request.
  Time since last request: 42.667271 seconds.
  path: Assets/Prefabs/Bandit.fbx
  artifactKey: Guid(f2603539c8b26e741b132e85811a231b) Importer(815301076,1909f56bfc062723c751e8b465ee728b)
Start importing Assets/Prefabs/Bandit.fbx using Guid(f2603539c8b26e741b132e85811a231b) Importer(815301076,1909f56bfc062723c751e8b465ee728b)  -> (artifact id: '63c0e7b8534477587b292a6d1965fd75') in 0.648297 seconds 
========================================================================
Received Import Request.
  Time since last request: 0.000075 seconds.
  path: Assets/Prefabs/House.fbx
  artifactKey: Guid(fc378fecf33185546a6f11b013efe96d) Importer(815301076,1909f56bfc062723c751e8b465ee728b)
Start importing Assets/Prefabs/House.fbx using Guid(fc378fecf33185546a6f11b013efe96d) Importer(815301076,1909f56bfc062723c751e8b465ee728b)  -> (artifact id: '4b4aa7ad60711972b70a177a25ea1860') in 0.053097 seconds 
========================================================================
Received Import Request.
  Time since last request: 0.000077 seconds.
  path: Assets/Prefabs/Inqusitor.fbx
  artifactKey: Guid(4979385e00430be4888fa2f39dca28e7) Importer(815301076,1909f56bfc062723c751e8b465ee728b)
Start importing Assets/Prefabs/Inqusitor.fbx using Guid(4979385e00430be4888fa2f39dca28e7) Importer(815301076,1909f56bfc062723c751e8b465ee728b)  -> (artifact id: 'e26200d2edf2474c15b368eb53dad4e7') in 0.050746 seconds 
========================================================================
Received Import Request.
  Time since last request: 0.000070 seconds.
  path: Assets/Prefabs/Peasant.fbx
  artifactKey: Guid(babbc42e5d05c794291cf66ac93a3ce3) Importer(815301076,1909f56bfc062723c751e8b465ee728b)
Start importing Assets/Prefabs/Peasant.fbx using Guid(babbc42e5d05c794291cf66ac93a3ce3) Importer(815301076,1909f56bfc062723c751e8b465ee728b)  -> (artifact id: '880cafee274730a72d20b7e2c7a66142') in 0.044095 seconds 
========================================================================
Received Import Request.
  Time since last request: 59.168488 seconds.
  path: Assets/Materials/ModelMaterial.mat
  artifactKey: Guid(a5e38ba7a5d50f343ad891a6e54c2df9) Importer(815301076,1909f56bfc062723c751e8b465ee728b)
Start importing Assets/Materials/ModelMaterial.mat using Guid(a5e38ba7a5d50f343ad891a6e54c2df9) Importer(815301076,1909f56bfc062723c751e8b465ee728b)  -> (artifact id: 'a82a2fa6752b4c0c373182a194331e0c') in 0.039892 seconds 
========================================================================
Received Import Request.
  Time since last request: 51.558009 seconds.
  path: Assets/Materials/pal1.png
  artifactKey: Guid(7551b968ef128a84ab4d2d40ac4491dd) Importer(815301076,1909f56bfc062723c751e8b465ee728b)
Start importing Assets/Materials/pal1.png using Guid(7551b968ef128a84ab4d2d40ac4491dd) Importer(815301076,1909f56bfc062723c751e8b465ee728b)  -> (artifact id: '8e39ee3a53b0ee56ebee28f410aa747b') in 0.095583 seconds 
========================================================================
Received Import Request.
  Time since last request: 159.672380 seconds.
  path: Assets/Materials/ModelMaterial.mat
  artifactKey: Guid(a5e38ba7a5d50f343ad891a6e54c2df9) Importer(815301076,1909f56bfc062723c751e8b465ee728b)
Start importing Assets/Materials/ModelMaterial.mat using Guid(a5e38ba7a5d50f343ad891a6e54c2df9) Importer(815301076,1909f56bfc062723c751e8b465ee728b)  -> (artifact id: '45c2af8367acd15044a28e413b88568d') in 0.037877 seconds 
